[debug] [2017-10-10T04:42:54.768Z] ----------------------------------------------------------------------
[debug] [2017-10-10T04:42:54.771Z] Command:       /usr/local/bin/node /usr/local/bin/firebase serve --project toyota-f0ad8
[debug] [2017-10-10T04:42:54.771Z] CLI Version:   3.13.1
[debug] [2017-10-10T04:42:54.771Z] Platform:      darwin
[debug] [2017-10-10T04:42:54.771Z] Node Version:  v6.11.4
[debug] [2017-10-10T04:42:54.772Z] Time:          Mon Oct 09 2017 23:42:54 GMT-0500 (CDT)
[debug] [2017-10-10T04:42:54.772Z] ----------------------------------------------------------------------
[debug] 
[debug] [2017-10-10T04:42:54.789Z] > command requires scopes: ["email","openid","https://www.googleapis.com/auth/cloudplatformprojects.readonly","https://www.googleapis.com/auth/firebase","https://www.googleapis.com/auth/cloud-platform"]
[debug] [2017-10-10T04:42:54.790Z] > authorizing via signed-in user
[debug] [2017-10-10T04:42:54.792Z] > refreshing access token with scopes: ["email","https://www.googleapis.com/auth/cloud-platform","https://www.googleapis.com/auth/cloudplatformprojects.readonly","https://www.googleapis.com/auth/firebase","openid"]
[debug] [2017-10-10T04:42:54.792Z] >>> HTTP REQUEST POST https://www.googleapis.com/oauth2/v3/token { refresh_token: '1/0dF2TSU6lrJpl2Mo8cbirUshR4K_nS46KQXvEezvC38',
  client_id: '563584335869-fgrhgmd47bqnekij5i8b5pr03ho849e6.apps.googleusercontent.com',
  client_secret: 'j9iVZfS8kkCEFUPaAeJV0sAi',
  grant_type: 'refresh_token',
  scope: 'email https://www.googleapis.com/auth/cloud-platform https://www.googleapis.com/auth/cloudplatformprojects.readonly https://www.googleapis.com/auth/firebase openid' } 
 Mon Oct 09 2017 23:42:54 GMT-0500 (CDT)
[debug] [2017-10-10T04:42:55.440Z] <<< HTTP RESPONSE 200
[debug] [2017-10-10T04:42:55.453Z] >>> HTTP REQUEST GET https://admin.firebase.com/v1/projects/toyota-f0ad8  
 Mon Oct 09 2017 23:42:55 GMT-0500 (CDT)
[debug] [2017-10-10T04:42:56.551Z] <<< HTTP RESPONSE 200
[debug] [2017-10-10T04:42:56.552Z] >>> HTTP REQUEST GET https://admin.firebase.com/v1/database/toyota-f0ad8/tokens  
 Mon Oct 09 2017 23:42:56 GMT-0500 (CDT)
[debug] [2017-10-10T04:42:57.359Z] <<< HTTP RESPONSE 200
[info] 
[info] === Serving from '/Users/wickedwhale/Documents/GitHub/Toyota'...
[info] 
[debug] [2017-10-10T04:42:57.364Z] >>> HTTP REQUEST GET https://cloudresourcemanager.googleapis.com/v1/projects/toyota-f0ad8  
 Mon Oct 09 2017 23:42:57 GMT-0500 (CDT)
[debug] [2017-10-10T04:42:58.432Z] <<< HTTP RESPONSE 200
[debug] [2017-10-10T04:42:58.433Z] >>> HTTP REQUEST GET https://mobilesdk-pa.googleapis.com/v1/projects/1032693183982/clients/_:getWebAppConfig  
 Mon Oct 09 2017 23:42:58 GMT-0500 (CDT)
[debug] [2017-10-10T04:42:59.394Z] <<< HTTP RESPONSE 200
[info] i  hosting: Serving hosting files from: public
[info] ✔  hosting: Local server: http://localhost:5000

